<html>
<head>
<title>TestNG:  BusinessEnvironment </title>
<link href="../testng.css" rel="stylesheet" type="text/css" />
<link href="../my-testng.css" rel="stylesheet" type="text/css" />

<style type="text/css">
.log { display: none;} 
.stack-trace { display: none;} 
</style>
<script type="text/javascript">
<!--
function flip(e) {
  current = e.style.display;
  if (current == 'block') {
    e.style.display = 'none';
    return 0;
  }
  else {
    e.style.display = 'block';
    return 1;
  }
}

function toggleBox(szDivId, elem, msg1, msg2)
{
  var res = -1;  if (document.getElementById) {
    res = flip(document.getElementById(szDivId));
  }
  else if (document.all) {
    // this is the way old msie versions work
    res = flip(document.all[szDivId]);
  }
  if(elem) {
    if(res == 0) elem.innerHTML = msg1; else elem.innerHTML = msg2;
  }

}

function toggleAllBoxes() {
  if (document.getElementsByTagName) {
    d = document.getElementsByTagName('div');
    for (i = 0; i < d.length; i++) {
      if (d[i].className == 'log') {
        flip(d[i]);
      }
    }
  }
}

// -->
</script>

</head>
<body>
<h2 align='center'>BusinessEnvironment </h2><table border='1' align="center">
<tr>
<td>Tests passed/Failed/Skipped:</td><td>49/3/0</td>
</tr><tr>
<td>Started on:</td><td>Tue Aug 18 18:02:34 CST 2020</td>
</tr>
<tr><td>Total time:</td><td>387 seconds (387880 ms)</td>
</tr><tr>
<td>Included groups:</td><td></td>
</tr><tr>
<td>Excluded groups:</td><td></td>
</tr>
</table><p/>
<small><i>(Hover the method name to see the test class name)</i></small><p/>
<table width='100%' border='1' class='invocation-failed'>
<tr><td colspan='4' align='center'><b>FAILED TESTS</b></td></tr>
<tr><td><b>Test method</b></td>
<td width="30%"><b>Exception</b></td>
<td width="10%"><b>Time (seconds)</b></td>
<td><b>Instance</b></td>
</tr>
<tr>
<td title='com.testng.testcase.testOneWebEvidence.test4TimeSearchWebData()'><b>test4TimeSearchWebData</b><br>Test class: com.testng.testcase.testOneWebEvidence</td>
<td><div><pre>java.lang.AssertionError: expected [共 3 条] but found [暂无数据]
	at com.testng.testcase.testOneWebEvidence.test4TimeSearchWebData(testOneWebEvidence.java:203)
... Removed 30 stack frames</pre></div><a href='#' onClick='toggleBox("stack-trace1092619788", this, "Click to show all stack frames", "Click to hide stack frames")'>Click to show all stack frames</a>
<div class='stack-trace' id='stack-trace1092619788'><pre>java.lang.AssertionError: expected [共 3 条] but found [暂无数据]
	at org.testng.Assert.fail(Assert.java:96)
	at org.testng.Assert.failNotEquals(Assert.java:776)
	at org.testng.Assert.assertEqualsImpl(Assert.java:137)
	at org.testng.Assert.assertEquals(Assert.java:118)
	at org.testng.Assert.assertEquals(Assert.java:453)
	at org.testng.Assert.assertEquals(Assert.java:463)
	at com.testng.testcase.testOneWebEvidence.test4TimeSearchWebData(testOneWebEvidence.java:203)
	at sun.reflect.NativeMethodAccessorImpl.invoke0(Native Method)
	at sun.reflect.NativeMethodAccessorImpl.invoke(NativeMethodAccessorImpl.java:62)
	at sun.reflect.DelegatingMethodAccessorImpl.invoke(DelegatingMethodAccessorImpl.java:43)
	at java.lang.reflect.Method.invoke(Method.java:498)
	at org.testng.internal.MethodInvocationHelper.invokeMethod(MethodInvocationHelper.java:124)
	at org.testng.internal.Invoker.invokeMethod(Invoker.java:583)
	at org.testng.internal.Invoker.invokeTestMethod(Invoker.java:719)
	at org.testng.internal.Invoker.invokeTestMethods(Invoker.java:989)
	at org.testng.internal.TestMethodWorker.invokeTestMethods(TestMethodWorker.java:125)
	at org.testng.internal.TestMethodWorker.run(TestMethodWorker.java:109)
	at org.testng.TestRunner.privateRun(TestRunner.java:648)
	at org.testng.TestRunner.run(TestRunner.java:505)
	at org.testng.SuiteRunner.runTest(SuiteRunner.java:455)
	at org.testng.SuiteRunner.runSequentially(SuiteRunner.java:450)
	at org.testng.SuiteRunner.privateRun(SuiteRunner.java:415)
	at org.testng.SuiteRunner.run(SuiteRunner.java:364)
	at org.testng.SuiteRunnerWorker.runSuite(SuiteRunnerWorker.java:52)
	at org.testng.SuiteRunnerWorker.run(SuiteRunnerWorker.java:84)
	at org.testng.TestNG.runSuitesSequentially(TestNG.java:1208)
	at org.testng.TestNG.runSuitesLocally(TestNG.java:1137)
	at org.testng.TestNG.runSuites(TestNG.java:1049)
	at org.testng.TestNG.run(TestNG.java:1017)
	at org.testng.IDEARemoteTestNG.run(IDEARemoteTestNG.java:73)
	at org.testng.RemoteTestNGStarter.main(RemoteTestNGStarter.java:123)
</pre></div></td>
<td>12</td>
<td>com.testng.testcase.testOneWebEvidence@dd3b207</td></tr>
<tr>
<td title='com.testng.testcase.testOneWebEvidence.test6TimeSearchWebData()'><b>test6TimeSearchWebData</b><br>Test class: com.testng.testcase.testOneWebEvidence</td>
<td><div><pre>java.lang.AssertionError: expected [共 3 条] but found [暂无数据]
	at com.testng.testcase.testOneWebEvidence.test6TimeSearchWebData(testOneWebEvidence.java:254)
... Removed 30 stack frames</pre></div><a href='#' onClick='toggleBox("stack-trace183259297", this, "Click to show all stack frames", "Click to hide stack frames")'>Click to show all stack frames</a>
<div class='stack-trace' id='stack-trace183259297'><pre>java.lang.AssertionError: expected [共 3 条] but found [暂无数据]
	at org.testng.Assert.fail(Assert.java:96)
	at org.testng.Assert.failNotEquals(Assert.java:776)
	at org.testng.Assert.assertEqualsImpl(Assert.java:137)
	at org.testng.Assert.assertEquals(Assert.java:118)
	at org.testng.Assert.assertEquals(Assert.java:453)
	at org.testng.Assert.assertEquals(Assert.java:463)
	at com.testng.testcase.testOneWebEvidence.test6TimeSearchWebData(testOneWebEvidence.java:254)
	at sun.reflect.NativeMethodAccessorImpl.invoke0(Native Method)
	at sun.reflect.NativeMethodAccessorImpl.invoke(NativeMethodAccessorImpl.java:62)
	at sun.reflect.DelegatingMethodAccessorImpl.invoke(DelegatingMethodAccessorImpl.java:43)
	at java.lang.reflect.Method.invoke(Method.java:498)
	at org.testng.internal.MethodInvocationHelper.invokeMethod(MethodInvocationHelper.java:124)
	at org.testng.internal.Invoker.invokeMethod(Invoker.java:583)
	at org.testng.internal.Invoker.invokeTestMethod(Invoker.java:719)
	at org.testng.internal.Invoker.invokeTestMethods(Invoker.java:989)
	at org.testng.internal.TestMethodWorker.invokeTestMethods(TestMethodWorker.java:125)
	at org.testng.internal.TestMethodWorker.run(TestMethodWorker.java:109)
	at org.testng.TestRunner.privateRun(TestRunner.java:648)
	at org.testng.TestRunner.run(TestRunner.java:505)
	at org.testng.SuiteRunner.runTest(SuiteRunner.java:455)
	at org.testng.SuiteRunner.runSequentially(SuiteRunner.java:450)
	at org.testng.SuiteRunner.privateRun(SuiteRunner.java:415)
	at org.testng.SuiteRunner.run(SuiteRunner.java:364)
	at org.testng.SuiteRunnerWorker.runSuite(SuiteRunnerWorker.java:52)
	at org.testng.SuiteRunnerWorker.run(SuiteRunnerWorker.java:84)
	at org.testng.TestNG.runSuitesSequentially(TestNG.java:1208)
	at org.testng.TestNG.runSuitesLocally(TestNG.java:1137)
	at org.testng.TestNG.runSuites(TestNG.java:1049)
	at org.testng.TestNG.run(TestNG.java:1017)
	at org.testng.IDEARemoteTestNG.run(IDEARemoteTestNG.java:73)
	at org.testng.RemoteTestNGStarter.main(RemoteTestNGStarter.java:123)
</pre></div></td>
<td>2</td>
<td>com.testng.testcase.testOneWebEvidence@dd3b207</td></tr>
<tr>
<td title='com.testng.testcase.testThreeProcessEvidence.test7SelectSearch()'><b>test7SelectSearch</b><br>Test class: com.testng.testcase.testThreeProcessEvidence</td>
<td><div><pre>java.lang.AssertionError: expected [共 2 条] but found [共 1 条]
	at com.testng.testcase.testThreeProcessEvidence.test7SelectSearch(testThreeProcessEvidence.java:217)
... Removed 30 stack frames</pre></div><a href='#' onClick='toggleBox("stack-trace1602167682", this, "Click to show all stack frames", "Click to hide stack frames")'>Click to show all stack frames</a>
<div class='stack-trace' id='stack-trace1602167682'><pre>java.lang.AssertionError: expected [共 2 条] but found [共 1 条]
	at org.testng.Assert.fail(Assert.java:96)
	at org.testng.Assert.failNotEquals(Assert.java:776)
	at org.testng.Assert.assertEqualsImpl(Assert.java:137)
	at org.testng.Assert.assertEquals(Assert.java:118)
	at org.testng.Assert.assertEquals(Assert.java:453)
	at org.testng.Assert.assertEquals(Assert.java:463)
	at com.testng.testcase.testThreeProcessEvidence.test7SelectSearch(testThreeProcessEvidence.java:217)
	at sun.reflect.NativeMethodAccessorImpl.invoke0(Native Method)
	at sun.reflect.NativeMethodAccessorImpl.invoke(NativeMethodAccessorImpl.java:62)
	at sun.reflect.DelegatingMethodAccessorImpl.invoke(DelegatingMethodAccessorImpl.java:43)
	at java.lang.reflect.Method.invoke(Method.java:498)
	at org.testng.internal.MethodInvocationHelper.invokeMethod(MethodInvocationHelper.java:124)
	at org.testng.internal.Invoker.invokeMethod(Invoker.java:583)
	at org.testng.internal.Invoker.invokeTestMethod(Invoker.java:719)
	at org.testng.internal.Invoker.invokeTestMethods(Invoker.java:989)
	at org.testng.internal.TestMethodWorker.invokeTestMethods(TestMethodWorker.java:125)
	at org.testng.internal.TestMethodWorker.run(TestMethodWorker.java:109)
	at org.testng.TestRunner.privateRun(TestRunner.java:648)
	at org.testng.TestRunner.run(TestRunner.java:505)
	at org.testng.SuiteRunner.runTest(SuiteRunner.java:455)
	at org.testng.SuiteRunner.runSequentially(SuiteRunner.java:450)
	at org.testng.SuiteRunner.privateRun(SuiteRunner.java:415)
	at org.testng.SuiteRunner.run(SuiteRunner.java:364)
	at org.testng.SuiteRunnerWorker.runSuite(SuiteRunnerWorker.java:52)
	at org.testng.SuiteRunnerWorker.run(SuiteRunnerWorker.java:84)
	at org.testng.TestNG.runSuitesSequentially(TestNG.java:1208)
	at org.testng.TestNG.runSuitesLocally(TestNG.java:1137)
	at org.testng.TestNG.runSuites(TestNG.java:1049)
	at org.testng.TestNG.run(TestNG.java:1017)
	at org.testng.IDEARemoteTestNG.run(IDEARemoteTestNG.java:73)
	at org.testng.RemoteTestNGStarter.main(RemoteTestNGStarter.java:123)
</pre></div></td>
<td>1</td>
<td>com.testng.testcase.testThreeProcessEvidence@23a5fd2</td></tr>
</table><p>
<table width='100%' border='1' class='invocation-passed'>
<tr><td colspan='4' align='center'><b>PASSED TESTS</b></td></tr>
<tr><td><b>Test method</b></td>
<td width="30%"><b>Exception</b></td>
<td width="10%"><b>Time (seconds)</b></td>
<td><b>Instance</b></td>
</tr>
<tr>
<td title='com.testng.testcase.testLogin.loginTest1()'><b>loginTest1</b><br>Test class: com.testng.testcase.testLogin</td>
<td></td>
<td>2</td>
<td>com.testng.testcase.testLogin@3c0a50da</td></tr>
<tr>
<td title='com.testng.testcase.testOneDateAttest.test0WordAttest()'><b>test0WordAttest</b><br>Test class: com.testng.testcase.testOneDateAttest</td>
<td></td>
<td>5</td>
<td>com.testng.testcase.testOneDateAttest@646be2c3</td></tr>
<tr>
<td title='com.testng.testcase.testFourDateAttest.test1BatchAttest()'><b>test1BatchAttest</b><br>Test class: com.testng.testcase.testFourDateAttest</td>
<td></td>
<td>11</td>
<td>com.testng.testcase.testFourDateAttest@19dc67c2</td></tr>
<tr>
<td title='com.testng.testcase.testOneProcessEvidence.test1CancelProcessEvidence()'><b>test1CancelProcessEvidence</b><br>Test class: com.testng.testcase.testOneProcessEvidence</td>
<td></td>
<td>16</td>
<td>com.testng.testcase.testOneProcessEvidence@221af3c0</td></tr>
<tr>
<td title='com.testng.testcase.testOneDateAttest.test1SearchWorldName()'><b>test1SearchWorldName</b><br>Test class: com.testng.testcase.testOneDateAttest</td>
<td></td>
<td>0</td>
<td>com.testng.testcase.testOneDateAttest@646be2c3</td></tr>
<tr>
<td title='com.testng.testcase.testThreeProcessEvidence.test1SelectSearch()'><b>test1SelectSearch</b><br>Test class: com.testng.testcase.testThreeProcessEvidence</td>
<td></td>
<td>1</td>
<td>com.testng.testcase.testThreeProcessEvidence@23a5fd2</td></tr>
<tr>
<td title='com.testng.testcase.testFourProcessEvidence.test1SelectSearch()'><b>test1SelectSearch</b><br>Test class: com.testng.testcase.testFourProcessEvidence</td>
<td></td>
<td>2</td>
<td>com.testng.testcase.testFourProcessEvidence@78a2da20</td></tr>
<tr>
<td title='com.testng.testcase.testThreeDateAttest.test1TimeScopeSearch()'><b>test1TimeScopeSearch</b><br>Test class: com.testng.testcase.testThreeDateAttest</td>
<td></td>
<td>5</td>
<td>com.testng.testcase.testThreeDateAttest@77be656f</td></tr>
<tr>
<td title='com.testng.testcase.testTwoProcessEvidence.test1TimeSearchData()'><b>test1TimeSearchData</b><br>Test class: com.testng.testcase.testTwoProcessEvidence</td>
<td></td>
<td>2</td>
<td>com.testng.testcase.testTwoProcessEvidence@62bd765</td></tr>
<tr>
<td title='com.testng.testcase.testTwoDataAttest.test1TypeSelect()'><b>test1TypeSelect</b><br>Test class: com.testng.testcase.testTwoDataAttest</td>
<td></td>
<td>4</td>
<td>com.testng.testcase.testTwoDataAttest@797badd3</td></tr>
<tr>
<td title='com.testng.testcase.testOneWebEvidence.test1addWebEvidenceData()'><b>test1addWebEvidenceData</b><br>Test class: com.testng.testcase.testOneWebEvidence</td>
<td></td>
<td>15</td>
<td>com.testng.testcase.testOneWebEvidence@dd3b207</td></tr>
<tr>
<td title='com.testng.testcase.testOneProcessEvidence.test2AddProcessEvidence()'><b>test2AddProcessEvidence</b><br>Test class: com.testng.testcase.testOneProcessEvidence</td>
<td></td>
<td>34</td>
<td>com.testng.testcase.testOneProcessEvidence@221af3c0</td></tr>
<tr>
<td title='com.testng.testcase.testOneDateAttest.test2PngAttest()'><b>test2PngAttest</b><br>Test class: com.testng.testcase.testOneDateAttest</td>
<td></td>
<td>5</td>
<td>com.testng.testcase.testOneDateAttest@646be2c3</td></tr>
<tr>
<td title='com.testng.testcase.testThreeProcessEvidence.test2SelectSearch()'><b>test2SelectSearch</b><br>Test class: com.testng.testcase.testThreeProcessEvidence</td>
<td></td>
<td>1</td>
<td>com.testng.testcase.testThreeProcessEvidence@23a5fd2</td></tr>
<tr>
<td title='com.testng.testcase.testFourProcessEvidence.test2SelectSearch()'><b>test2SelectSearch</b><br>Test class: com.testng.testcase.testFourProcessEvidence</td>
<td></td>
<td>1</td>
<td>com.testng.testcase.testFourProcessEvidence@78a2da20</td></tr>
<tr>
<td title='com.testng.testcase.testThreeDateAttest.test2TimeScopeSearch()'><b>test2TimeScopeSearch</b><br>Test class: com.testng.testcase.testThreeDateAttest</td>
<td></td>
<td>6</td>
<td>com.testng.testcase.testThreeDateAttest@77be656f</td></tr>
<tr>
<td title='com.testng.testcase.testTwoProcessEvidence.test2TimeSearchData()'><b>test2TimeSearchData</b><br>Test class: com.testng.testcase.testTwoProcessEvidence</td>
<td></td>
<td>2</td>
<td>com.testng.testcase.testTwoProcessEvidence@62bd765</td></tr>
<tr>
<td title='com.testng.testcase.testTwoDataAttest.test2TypeSelect()'><b>test2TypeSelect</b><br>Test class: com.testng.testcase.testTwoDataAttest</td>
<td></td>
<td>2</td>
<td>com.testng.testcase.testTwoDataAttest@797badd3</td></tr>
<tr>
<td title='com.testng.testcase.testOneWebEvidence.test2addWebEvidenceDatas()'><b>test2addWebEvidenceDatas</b><br>Test class: com.testng.testcase.testOneWebEvidence</td>
<td></td>
<td>38</td>
<td>com.testng.testcase.testOneWebEvidence@dd3b207</td></tr>
<tr>
<td title='com.testng.testcase.testOneProcessEvidence.test3CancelQueueProcessEvidence()'><b>test3CancelQueueProcessEvidence</b><br>Test class: com.testng.testcase.testOneProcessEvidence</td>
<td></td>
<td>14</td>
<td>com.testng.testcase.testOneProcessEvidence@221af3c0</td></tr>
<tr>
<td title='com.testng.testcase.testFourDateAttest.test3InformationVerification()'><b>test3InformationVerification</b><br>Test class: com.testng.testcase.testFourDateAttest</td>
<td></td>
<td>0</td>
<td>com.testng.testcase.testFourDateAttest@19dc67c2</td></tr>
<tr>
<td title='com.testng.testcase.testOneDateAttest.test3SearchPngName()'><b>test3SearchPngName</b><br>Test class: com.testng.testcase.testOneDateAttest</td>
<td></td>
<td>0</td>
<td>com.testng.testcase.testOneDateAttest@646be2c3</td></tr>
<tr>
<td title='com.testng.testcase.testThreeProcessEvidence.test3SelectSearch()'><b>test3SelectSearch</b><br>Test class: com.testng.testcase.testThreeProcessEvidence</td>
<td></td>
<td>1</td>
<td>com.testng.testcase.testThreeProcessEvidence@23a5fd2</td></tr>
<tr>
<td title='com.testng.testcase.testThreeDateAttest.test3TimeScopeSearch()'><b>test3TimeScopeSearch</b><br>Test class: com.testng.testcase.testThreeDateAttest</td>
<td></td>
<td>6</td>
<td>com.testng.testcase.testThreeDateAttest@77be656f</td></tr>
<tr>
<td title='com.testng.testcase.testTwoProcessEvidence.test3TimeSearchData()'><b>test3TimeSearchData</b><br>Test class: com.testng.testcase.testTwoProcessEvidence</td>
<td></td>
<td>1</td>
<td>com.testng.testcase.testTwoProcessEvidence@62bd765</td></tr>
<tr>
<td title='com.testng.testcase.testOneWebEvidence.test3TimeSearchWebData()'><b>test3TimeSearchWebData</b><br>Test class: com.testng.testcase.testOneWebEvidence</td>
<td></td>
<td>1</td>
<td>com.testng.testcase.testOneWebEvidence@dd3b207</td></tr>
<tr>
<td title='com.testng.testcase.testTwoDataAttest.test3TypeSelect()'><b>test3TypeSelect</b><br>Test class: com.testng.testcase.testTwoDataAttest</td>
<td></td>
<td>2</td>
<td>com.testng.testcase.testTwoDataAttest@797badd3</td></tr>
<tr>
<td title='com.testng.testcase.testFourDateAttest.test4DeleteDatas()'><b>test4DeleteDatas</b><br>Test class: com.testng.testcase.testFourDateAttest</td>
<td></td>
<td>3</td>
<td>com.testng.testcase.testFourDateAttest@19dc67c2</td></tr>
<tr>
<td title='com.testng.testcase.testOneProcessEvidence.test4ProcessEvidenceDetails()'><b>test4ProcessEvidenceDetails</b><br>Test class: com.testng.testcase.testOneProcessEvidence</td>
<td></td>
<td>100</td>
<td>com.testng.testcase.testOneProcessEvidence@221af3c0</td></tr>
<tr>
<td title='com.testng.testcase.testThreeProcessEvidence.test4SelectSearch()'><b>test4SelectSearch</b><br>Test class: com.testng.testcase.testThreeProcessEvidence</td>
<td></td>
<td>1</td>
<td>com.testng.testcase.testThreeProcessEvidence@23a5fd2</td></tr>
<tr>
<td title='com.testng.testcase.testThreeDateAttest.test4TimeScopeSearch()'><b>test4TimeScopeSearch</b><br>Test class: com.testng.testcase.testThreeDateAttest</td>
<td></td>
<td>6</td>
<td>com.testng.testcase.testThreeDateAttest@77be656f</td></tr>
<tr>
<td title='com.testng.testcase.testTwoProcessEvidence.test4TimeSearchData()'><b>test4TimeSearchData</b><br>Test class: com.testng.testcase.testTwoProcessEvidence</td>
<td></td>
<td>1</td>
<td>com.testng.testcase.testTwoProcessEvidence@62bd765</td></tr>
<tr>
<td title='com.testng.testcase.testTwoDataAttest.test4TypeSelect()'><b>test4TypeSelect</b><br>Test class: com.testng.testcase.testTwoDataAttest</td>
<td></td>
<td>2</td>
<td>com.testng.testcase.testTwoDataAttest@797badd3</td></tr>
<tr>
<td title='com.testng.testcase.testOneDateAttest.test4YinPinAttest()'><b>test4YinPinAttest</b><br>Test class: com.testng.testcase.testOneDateAttest</td>
<td></td>
<td>5</td>
<td>com.testng.testcase.testOneDateAttest@646be2c3</td></tr>
<tr>
<td title='com.testng.testcase.testOneProcessEvidence.test5DownloadProcessEnvidence()'><b>test5DownloadProcessEnvidence</b><br>Test class: com.testng.testcase.testOneProcessEvidence</td>
<td></td>
<td>13</td>
<td>com.testng.testcase.testOneProcessEvidence@221af3c0</td></tr>
<tr>
<td title='com.testng.testcase.testTwoProcessEvidence.test5NameSearchData()'><b>test5NameSearchData</b><br>Test class: com.testng.testcase.testTwoProcessEvidence</td>
<td></td>
<td>0</td>
<td>com.testng.testcase.testTwoProcessEvidence@62bd765</td></tr>
<tr>
<td title='com.testng.testcase.testThreeProcessEvidence.test5SelectSearch()'><b>test5SelectSearch</b><br>Test class: com.testng.testcase.testThreeProcessEvidence</td>
<td></td>
<td>1</td>
<td>com.testng.testcase.testThreeProcessEvidence@23a5fd2</td></tr>
<tr>
<td title='com.testng.testcase.testOneWebEvidence.test5TimeSearchWebData()'><b>test5TimeSearchWebData</b><br>Test class: com.testng.testcase.testOneWebEvidence</td>
<td></td>
<td>1</td>
<td>com.testng.testcase.testOneWebEvidence@dd3b207</td></tr>
<tr>
<td title='com.testng.testcase.testTwoDataAttest.test5TypeSelect()'><b>test5TypeSelect</b><br>Test class: com.testng.testcase.testTwoDataAttest</td>
<td></td>
<td>2</td>
<td>com.testng.testcase.testTwoDataAttest@797badd3</td></tr>
<tr>
<td title='com.testng.testcase.testFourDateAttest.test5UpdateDataAttest()'><b>test5UpdateDataAttest</b><br>Test class: com.testng.testcase.testFourDateAttest</td>
<td></td>
<td>5</td>
<td>com.testng.testcase.testFourDateAttest@19dc67c2</td></tr>
<tr>
<td title='com.testng.testcase.testThreeDateAttest.test5ViewDetails()'><b>test5ViewDetails</b><br>Test class: com.testng.testcase.testThreeDateAttest</td>
<td></td>
<td>9</td>
<td>com.testng.testcase.testThreeDateAttest@77be656f</td></tr>
<tr>
<td title='com.testng.testcase.testOneDateAttest.test5YinPinSearchName()'><b>test5YinPinSearchName</b><br>Test class: com.testng.testcase.testOneDateAttest</td>
<td></td>
<td>0</td>
<td>com.testng.testcase.testOneDateAttest@646be2c3</td></tr>
<tr>
<td title='com.testng.testcase.testThreeDateAttest.test6DeleteData()'><b>test6DeleteData</b><br>Test class: com.testng.testcase.testThreeDateAttest</td>
<td></td>
<td>6</td>
<td>com.testng.testcase.testThreeDateAttest@77be656f</td></tr>
<tr>
<td title='com.testng.testcase.testFourDateAttest.test6PageData()'><b>test6PageData</b><br>Test class: com.testng.testcase.testFourDateAttest</td>
<td></td>
<td>1</td>
<td>com.testng.testcase.testFourDateAttest@19dc67c2</td></tr>
<tr>
<td title='com.testng.testcase.testThreeProcessEvidence.test6SelectSearch()'><b>test6SelectSearch</b><br>Test class: com.testng.testcase.testThreeProcessEvidence</td>
<td></td>
<td>1</td>
<td>com.testng.testcase.testThreeProcessEvidence@23a5fd2</td></tr>
<tr>
<td title='com.testng.testcase.testOneDateAttest.test6VideoAttest()'><b>test6VideoAttest</b><br>Test class: com.testng.testcase.testOneDateAttest</td>
<td></td>
<td>5</td>
<td>com.testng.testcase.testOneDateAttest@646be2c3</td></tr>
<tr>
<td title='com.testng.testcase.testOneDateAttest.test7SearchVideoName()'><b>test7SearchVideoName</b><br>Test class: com.testng.testcase.testOneDateAttest</td>
<td></td>
<td>0</td>
<td>com.testng.testcase.testOneDateAttest@646be2c3</td></tr>
<tr>
<td title='com.testng.testcase.testOneDateAttest.test8OtherAttest()'><b>test8OtherAttest</b><br>Test class: com.testng.testcase.testOneDateAttest</td>
<td></td>
<td>5</td>
<td>com.testng.testcase.testOneDateAttest@646be2c3</td></tr>
<tr>
<td title='com.testng.testcase.testOneDateAttest.test9SearchPngName()'><b>test9SearchPngName</b><br>Test class: com.testng.testcase.testOneDateAttest</td>
<td></td>
<td>2</td>
<td>com.testng.testcase.testOneDateAttest@646be2c3</td></tr>
</table><p>
</body>
</html>