<?xml version="1.0" encoding="UTF-8"?>
<!-- Generated by org.testng.reporters.JUnitXMLReporter -->
<testsuite hostname="DESKTOP-081URFE" ignored="18" name="BusinessEnvironment " tests="37" failures="9" timestamp="07 八月 2020 01:36:59 GMT" time="367.863" errors="0">
  <testcase name="loginTest1" time="2.865" classname="com.testng.testcase.testLogin"/>
  <testcase name="test0WordAttest" time="5.971" classname="com.testng.testcase.testOneDateAttest"/>
  <testcase name="test1SearchWorldName" time="0.306" classname="com.testng.testcase.testOneDateAttest"/>
  <testcase name="test2PngAttest" time="5.614" classname="com.testng.testcase.testOneDateAttest"/>
  <testcase name="test3SearchPngName" time="0.284" classname="com.testng.testcase.testOneDateAttest"/>
  <testcase name="test4YinPinAttest" time="5.553" classname="com.testng.testcase.testOneDateAttest"/>
  <testcase name="test5YinPinSearchName" time="0.296" classname="com.testng.testcase.testOneDateAttest"/>
  <testcase name="test6VideoAttest" time="5.457" classname="com.testng.testcase.testOneDateAttest"/>
  <testcase name="test7SearchVideoName" time="0.286" classname="com.testng.testcase.testOneDateAttest"/>
  <testcase name="test8OtherAttest" time="5.457" classname="com.testng.testcase.testOneDateAttest"/>
  <testcase name="test9SearchPngName" time="2.371" classname="com.testng.testcase.testOneDateAttest"/>
  <testcase name="test1TypeSelect" time="12.3" classname="com.testng.testcase.testTwoDataAttest">
    <failure type="java.lang.AssertionError" message="expected [存证条目（条）：1] but found [null]">
      <![CDATA[java.lang.AssertionError: expected [存证条目（条）：1] but found [null]
at com.testng.testcase.testTwoDataAttest.test1TypeSelect(testTwoDataAttest.java:52)
... Removed 30 stack frames]]>
    </failure>
  </testcase> <!-- test1TypeSelect -->
  <testcase name="test2TypeSelect" time="11.595" classname="com.testng.testcase.testTwoDataAttest">
    <failure type="java.lang.AssertionError" message="expected [存证条目（条）：1] but found [null]">
      <![CDATA[java.lang.AssertionError: expected [存证条目（条）：1] but found [null]
at com.testng.testcase.testTwoDataAttest.test2TypeSelect(testTwoDataAttest.java:83)
... Removed 30 stack frames]]>
    </failure>
  </testcase> <!-- test2TypeSelect -->
  <testcase name="test3TypeSelect" time="11.682" classname="com.testng.testcase.testTwoDataAttest">
    <failure type="java.lang.AssertionError" message="expected [存证条目（条）：1] but found [null]">
      <![CDATA[java.lang.AssertionError: expected [存证条目（条）：1] but found [null]
at com.testng.testcase.testTwoDataAttest.test3TypeSelect(testTwoDataAttest.java:114)
... Removed 30 stack frames]]>
    </failure>
  </testcase> <!-- test3TypeSelect -->
  <testcase name="test4TypeSelect" time="11.592" classname="com.testng.testcase.testTwoDataAttest">
    <failure type="java.lang.AssertionError" message="expected [存证条目（条）：1] but found [null]">
      <![CDATA[java.lang.AssertionError: expected [存证条目（条）：1] but found [null]
at com.testng.testcase.testTwoDataAttest.test4TypeSelect(testTwoDataAttest.java:146)
... Removed 30 stack frames]]>
    </failure>
  </testcase> <!-- test4TypeSelect -->
  <testcase name="test5TypeSelect" time="11.53" classname="com.testng.testcase.testTwoDataAttest">
    <failure type="java.lang.AssertionError" message="expected [存证条目（条）：1] but found [null]">
      <![CDATA[java.lang.AssertionError: expected [存证条目（条）：1] but found [null]
at com.testng.testcase.testTwoDataAttest.test5TypeSelect(testTwoDataAttest.java:180)
... Removed 30 stack frames]]>
    </failure>
  </testcase> <!-- test5TypeSelect -->
  <testcase name="test1TimeScopeSearch" time="5.946" classname="com.testng.testcase.testThreeDateAttest"/>
  <testcase name="test2TimeScopeSearch" time="6.512" classname="com.testng.testcase.testThreeDateAttest"/>
  <testcase name="test3TimeScopeSearch" time="6.503" classname="com.testng.testcase.testThreeDateAttest"/>
  <testcase name="test4TimeScopeSearch" time="6.502" classname="com.testng.testcase.testThreeDateAttest"/>
  <testcase name="test5ViewDetails" time="9.914" classname="com.testng.testcase.testThreeDateAttest"/>
  <testcase name="test6DeleteData" time="6.234" classname="com.testng.testcase.testThreeDateAttest"/>
  <testcase name="test1BatchAttest" time="11.101" classname="com.testng.testcase.testFourDateAttest"/>
  <testcase name="test3InformationVerification" time="0.726" classname="com.testng.testcase.testFourDateAttest"/>
  <testcase name="test4DeleteDatas" time="3.251" classname="com.testng.testcase.testFourDateAttest"/>
  <testcase name="test5UpdateDataAttest" time="6.043" classname="com.testng.testcase.testFourDateAttest"/>
  <testcase name="test6PageData" time="1.833" classname="com.testng.testcase.testFourDateAttest"/>
  <testcase name="test1CancelProcessEvidence" time="16.279" classname="com.testng.testcase.testOneProcessEvidence"/>
  <testcase name="test2AddProcessEvidence" time="25.001" classname="com.testng.testcase.testOneProcessEvidence"/>
  <testcase name="test3CancelQueueProcessEvidence" time="14.619" classname="com.testng.testcase.testOneProcessEvidence"/>
  <testcase name="test4ProcessEvidenceDetails" time="109.544" classname="com.testng.testcase.testOneProcessEvidence"/>
  <testcase name="test5DownloadProcessEnvidence" time="13.93" classname="com.testng.testcase.testOneProcessEvidence"/>
  <testcase name="test1TimeSearchData" time="12.856" classname="com.testng.testcase.testTwoProcessEvidence"/>
  <testcase name="test2TimeSearchData" time="2.473" classname="com.testng.testcase.testTwoProcessEvidence">
    <failure type="java.lang.AssertionError" message="expected [共 3 条] but found [共 1 条]">
      <![CDATA[java.lang.AssertionError: expected [共 3 条] but found [共 1 条]
at com.testng.testcase.testTwoProcessEvidence.test2TimeSearchData(testTwoProcessEvidence.java:89)
... Removed 30 stack frames]]>
    </failure>
  </testcase> <!-- test2TimeSearchData -->
  <testcase name="test3TimeSearchData" time="12.402" classname="com.testng.testcase.testTwoProcessEvidence">
    <failure type="java.lang.AssertionError">
      <![CDATA[java.lang.AssertionError
at com.testng.testcase.testTwoProcessEvidence.test3TimeSearchData(testTwoProcessEvidence.java:115)
... Removed 24 stack frames]]>
    </failure>
  </testcase> <!-- test3TimeSearchData -->
  <testcase name="test4TimeSearchData" time="2.412" classname="com.testng.testcase.testTwoProcessEvidence">
    <failure type="java.lang.AssertionError" message="expected [共 3 条] but found [共 1 条]">
      <![CDATA[java.lang.AssertionError: expected [共 3 条] but found [共 1 条]
at com.testng.testcase.testTwoProcessEvidence.test4TimeSearchData(testTwoProcessEvidence.java:142)
... Removed 30 stack frames]]>
    </failure>
  </testcase> <!-- test4TimeSearchData -->
  <testcase name="test5NameSearchData" time="0.478" classname="com.testng.testcase.testTwoProcessEvidence">
    <failure type="java.lang.AssertionError" message="expected [共 1 条] but found [共 3 条]">
      <![CDATA[java.lang.AssertionError: expected [共 1 条] but found [共 3 条]
at com.testng.testcase.testTwoProcessEvidence.test5NameSearchData(testTwoProcessEvidence.java:165)
... Removed 30 stack frames]]>
    </failure>
  </testcase> <!-- test5NameSearchData -->
  <testcase name="@AfterSuite endDriver" time="0.0" classname="com.common.UiBase">
    <ignored/>
  </testcase> <!-- @AfterSuite endDriver -->
  <testcase name="@AfterSuite endDriver" time="0.0" classname="com.common.UiBase">
    <ignored/>
  </testcase> <!-- @AfterSuite endDriver -->
  <testcase name="@AfterSuite endDriver" time="0.0" classname="com.common.UiBase">
    <ignored/>
  </testcase> <!-- @AfterSuite endDriver -->
  <testcase name="@AfterSuite endDriver" time="0.0" classname="com.common.UiBase">
    <ignored/>
  </testcase> <!-- @AfterSuite endDriver -->
  <testcase name="@AfterSuite endDriver" time="0.0" classname="com.common.UiBase">
    <ignored/>
  </testcase> <!-- @AfterSuite endDriver -->
  <testcase name="@AfterSuite endDriver" time="0.0" classname="com.common.UiBase">
    <ignored/>
  </testcase> <!-- @AfterSuite endDriver -->
  <testcase name="@BeforeSuite ClearData" time="0.0" classname="com.common.UiBase">
    <ignored/>
  </testcase> <!-- @BeforeSuite ClearData -->
  <testcase name="@BeforeSuite ClearData" time="0.0" classname="com.common.UiBase">
    <ignored/>
  </testcase> <!-- @BeforeSuite ClearData -->
  <testcase name="@BeforeSuite ClearData" time="0.0" classname="com.common.UiBase">
    <ignored/>
  </testcase> <!-- @BeforeSuite ClearData -->
  <testcase name="@BeforeSuite ClearData" time="0.0" classname="com.common.UiBase">
    <ignored/>
  </testcase> <!-- @BeforeSuite ClearData -->
  <testcase name="@BeforeSuite ClearData" time="0.0" classname="com.common.UiBase">
    <ignored/>
  </testcase> <!-- @BeforeSuite ClearData -->
  <testcase name="@BeforeSuite ClearData" time="0.0" classname="com.common.UiBase">
    <ignored/>
  </testcase> <!-- @BeforeSuite ClearData -->
  <testcase name="@BeforeSuite startDriver" time="0.0" classname="com.common.UiBase">
    <ignored/>
  </testcase> <!-- @BeforeSuite startDriver -->
  <testcase name="@BeforeSuite startDriver" time="0.0" classname="com.common.UiBase">
    <ignored/>
  </testcase> <!-- @BeforeSuite startDriver -->
  <testcase name="@BeforeSuite startDriver" time="0.0" classname="com.common.UiBase">
    <ignored/>
  </testcase> <!-- @BeforeSuite startDriver -->
  <testcase name="@BeforeSuite startDriver" time="0.0" classname="com.common.UiBase">
    <ignored/>
  </testcase> <!-- @BeforeSuite startDriver -->
  <testcase name="@BeforeSuite startDriver" time="0.0" classname="com.common.UiBase">
    <ignored/>
  </testcase> <!-- @BeforeSuite startDriver -->
  <testcase name="@BeforeSuite startDriver" time="0.0" classname="com.common.UiBase">
    <ignored/>
  </testcase> <!-- @BeforeSuite startDriver -->
</testsuite> <!-- BusinessEnvironment  -->
